<?xml version="1.0" encoding="utf-8"?><testsuites name="pytest tests"><testsuite name="pytest" errors="0" failures="0" skipped="0" tests="20" time="5.864" timestamp="2026-07-12T03:57:50.009542+00:00" hostname="agent-env-9da97484-f7df-49d4-bfe0-de6f527704f9"><testcase classname="backend.tests.test_ug_campus.TestAuth" name="test_login_student" time="0.417" /><testcase classname="backend.tests.test_ug_campus.TestAuth" name="test_login_admin" time="0.327" /><testcase classname="backend.tests.test_ug_campus.TestAuth" name="test_login_wrong_password" time="0.318" /><testcase classname="backend.tests.test_ug_campus.TestAuth" name="test_signup_and_duplicate" time="0.451" /><testcase classname="backend.tests.test_ug_campus.TestAuth" name="test_me_requires_token" time="0.101" /><testcase classname="backend.tests.test_ug_campus.TestAuth" name="test_me_with_token" time="0.412" /><testcase classname="backend.tests.test_ug_campus.TestReference" name="test_programs" time="0.098" /><testcase classname="backend.tests.test_ug_campus.TestReference" name="test_levels" time="0.099" /><testcase classname="backend.tests.test_ug_campus.TestReference" name="test_courses_filter" time="0.138" /><testcase classname="backend.tests.test_ug_campus.TestOnboarding" name="test_onboarding_new_user" time="0.483" /><testcase classname="backend.tests.test_ug_campus.TestStudentData" name="test_my_courses" time="0.100" /><testcase classname="backend.tests.test_ug_campus.TestStudentData" name="test_set_my_courses_persists" time="0.411" /><testcase classname="backend.tests.test_ug_campus.TestStudentData" name="test_timetable_mine" time="0.098" /><testcase classname="backend.tests.test_ug_campus.TestStudentData" name="test_timetable_today" time="0.104" /><testcase classname="backend.tests.test_ug_campus.TestStudentData" name="test_resources_default" time="0.100" /><testcase classname="backend.tests.test_ug_campus.TestStudentData" name="test_resources_by_course" time="0.192" /><testcase classname="backend.tests.test_ug_campus.TestScripture" name="test_scripture_today_deterministic" time="0.247" /><testcase classname="backend.tests.test_ug_campus.TestPlanner" name="test_task_crud_and_day" time="0.725" /><testcase classname="backend.tests.test_ug_campus.TestGpa" name="test_gpa_calc" time="0.098" /><testcase classname="backend.tests.test_ug_campus.TestChat" name="test_chat_flow_and_403" time="0.865" /></testsuite></testsuites>